2025-11-26T15:19:20.056836Z  INFO tailwindcss_oxide::scanner: Provided sources:
2025-11-26T15:19:20.056967Z  INFO tailwindcss_oxide::scanner: Source: PublicSourceEntry { base: "G:\\GitHub\\image-compressor", pattern: "**/*", negated: false }
2025-11-26T15:19:20.057206Z  INFO tailwindcss_oxide::scanner: Optimized sources:
2025-11-26T15:19:20.057228Z  INFO tailwindcss_oxide::scanner: Source: Auto { base: "G:\\GitHub\\image-compressor" }
2025-11-26T15:19:20.059030Z  INFO scan_sources: tailwindcss_oxide::scanner: enter
2025-11-26T15:19:20.060766Z  INFO scan_sources: tailwindcss_oxide::scanner: Discovering "G:\\GitHub\\image-compressor\\app"
2025-11-26T15:19:20.061032Z  INFO scan_sources: tailwindcss_oxide::scanner: Discovering "G:\\GitHub\\image-compressor\\app\\globals.css"
2025-11-26T15:19:20.061417Z  INFO scan_sources: tailwindcss_oxide::scanner: Discovering "G:\\GitHub\\image-compressor\\app\\layout.tsx"
2025-11-26T15:19:20.061515Z  INFO scan_sources: tailwindcss_oxide::scanner: Discovering "G:\\GitHub\\image-compressor\\app\\page.tsx"
2025-11-26T15:19:20.061659Z  INFO scan_sources: tailwindcss_oxide::scanner: Discovering "G:\\GitHub\\image-compressor\\eslint.config.mjs"
2025-11-26T15:19:20.061788Z  INFO scan_sources: tailwindcss_oxide::scanner: Discovering "G:\\GitHub\\image-compressor\\next.config.ts"
2025-11-26T15:19:20.062119Z  INFO scan_sources: tailwindcss_oxide::scanner: Discovering "G:\\GitHub\\image-compressor\\package.json"
2025-11-26T15:19:20.062214Z  INFO scan_sources: tailwindcss_oxide::scanner: Discovering "G:\\GitHub\\image-compressor\\postcss.config.mjs"
2025-11-26T15:19:20.062363Z  INFO scan_sources: tailwindcss_oxide::scanner: Discovering "G:\\GitHub\\image-compressor\\public"
2025-11-26T15:19:20.062611Z  INFO scan_sources: tailwindcss_oxide::scanner: Discovering "G:\\GitHub\\image-compressor\\public\\file.svg"
2025-11-26T15:19:20.062715Z  INFO scan_sources: tailwindcss_oxide::scanner: Discovering "G:\\GitHub\\image-compressor\\public\\globe.svg"
2025-11-26T15:19:20.062822Z  INFO scan_sources: tailwindcss_oxide::scanner: Discovering "G:\\GitHub\\image-compressor\\public\\next.svg"
2025-11-26T15:19:20.062925Z  INFO scan_sources: tailwindcss_oxide::scanner: Discovering "G:\\GitHub\\image-compressor\\public\\vercel.svg"
2025-11-26T15:19:20.063040Z  INFO scan_sources: tailwindcss_oxide::scanner: Discovering "G:\\GitHub\\image-compressor\\public\\window.svg"
2025-11-26T15:19:20.063181Z  INFO scan_sources: tailwindcss_oxide::scanner: Discovering "G:\\GitHub\\image-compressor\\README.md"
2025-11-26T15:19:20.063305Z  INFO scan_sources: tailwindcss_oxide::scanner: Discovering "G:\\GitHub\\image-compressor\\tsconfig.json"
2025-11-26T15:19:20.063419Z  INFO scan_sources: tailwindcss_oxide::scanner: exit
2025-11-26T15:19:20.063434Z  INFO extract_candidates: tailwindcss_oxide::scanner: enter
2025-11-26T15:19:20.063445Z  INFO extract_candidates:read_all_files: tailwindcss_oxide::scanner: enter
2025-11-26T15:19:20.063451Z  INFO extract_candidates:read_all_files: tailwindcss_oxide::scanner: Reading 13 file(s)
2025-11-26T15:19:20.064366Z  INFO tailwindcss_oxide::scanner: Reading "G:\\GitHub\\image-compressor\\app\\layout.tsx"
2025-11-26T15:19:20.064384Z  INFO tailwindcss_oxide::scanner: Reading "G:\\GitHub\\image-compressor\\app\\page.tsx"
2025-11-26T15:19:20.064380Z  INFO tailwindcss_oxide::scanner: Reading "G:\\GitHub\\image-compressor\\next.config.ts"
2025-11-26T15:19:20.064398Z  INFO tailwindcss_oxide::scanner: Reading "G:\\GitHub\\image-compressor\\public\\vercel.svg"
2025-11-26T15:19:20.064416Z  INFO tailwindcss_oxide::scanner: Reading "G:\\GitHub\\image-compressor\\eslint.config.mjs"
2025-11-26T15:19:20.064418Z  INFO tailwindcss_oxide::scanner: Reading "G:\\GitHub\\image-compressor\\package.json"
2025-11-26T15:19:20.064442Z  INFO tailwindcss_oxide::scanner: Reading "G:\\GitHub\\image-compressor\\public\\file.svg"
2025-11-26T15:19:20.064469Z  INFO tailwindcss_oxide::scanner: Reading "G:\\GitHub\\image-compressor\\postcss.config.mjs"
2025-11-26T15:19:20.064517Z  INFO tailwindcss_oxide::scanner: Reading "G:\\GitHub\\image-compressor\\tsconfig.json"
2025-11-26T15:19:20.064534Z  INFO tailwindcss_oxide::scanner: Reading "G:\\GitHub\\image-compressor\\public\\window.svg"
2025-11-26T15:19:20.075989Z  INFO tailwindcss_oxide::scanner: Reading "G:\\GitHub\\image-compressor\\public\\globe.svg"
2025-11-26T15:19:20.075989Z  INFO tailwindcss_oxide::scanner: Reading "G:\\GitHub\\image-compressor\\public\\next.svg"
2025-11-26T15:19:20.077952Z  INFO tailwindcss_oxide::scanner: Reading "G:\\GitHub\\image-compressor\\README.md"
2025-11-26T15:19:20.078056Z  INFO extract_candidates:read_all_files: tailwindcss_oxide::scanner: exit
2025-11-26T15:19:20.078075Z  INFO extract_candidates:parse_all_blobs: tailwindcss_oxide::scanner: enter
2025-11-26T15:19:20.078081Z  INFO extract_candidates:parse_all_blobs:extract: tailwindcss_oxide::scanner: enter
2025-11-26T15:19:20.078514Z  INFO extract_candidates:parse_all_blobs:extract: tailwindcss_oxide::scanner: exit
2025-11-26T15:19:20.078534Z  INFO extract_candidates:parse_all_blobs: tailwindcss_oxide::scanner: exit
2025-11-26T15:19:20.078541Z  INFO extract_candidates:read_all_files: tailwindcss_oxide::scanner: enter
2025-11-26T15:19:20.078546Z  INFO extract_candidates:read_all_files: tailwindcss_oxide::scanner: Reading 1 file(s)
2025-11-26T15:19:20.078699Z  INFO extract_candidates:read_all_files: tailwindcss_oxide::scanner: Reading "G:\\GitHub\\image-compressor\\app\\globals.css"
2025-11-26T15:19:20.078711Z  INFO extract_candidates:read_all_files: tailwindcss_oxide::scanner: exit
2025-11-26T15:19:20.078720Z  INFO extract_candidates:extract_css_variables: tailwindcss_oxide::scanner: enter
2025-11-26T15:19:20.078725Z  INFO extract_candidates:extract_css_variables:extract: tailwindcss_oxide::scanner: enter
2025-11-26T15:19:20.078802Z  INFO extract_candidates:extract_css_variables:extract: tailwindcss_oxide::scanner: exit
2025-11-26T15:19:20.078817Z  INFO extract_candidates:extract_css_variables: tailwindcss_oxide::scanner: exit
2025-11-26T15:19:20.079188Z  INFO extract_candidates: tailwindcss_oxide::scanner: exit
2025-11-26T15:19:20.079834Z  INFO get_files: tailwindcss_oxide::scanner: enter
2025-11-26T15:19:20.079849Z  INFO get_files:scan_sources: tailwindcss_oxide::scanner: enter
2025-11-26T15:19:20.081379Z  INFO get_files:scan_sources: tailwindcss_oxide::scanner: Discovering "G:\\GitHub\\image-compressor\\app"
2025-11-26T15:19:20.082047Z  INFO get_files:scan_sources: tailwindcss_oxide::scanner: Discovering "G:\\GitHub\\image-compressor\\public"
2025-11-26T15:19:20.082464Z  INFO get_files:scan_sources: tailwindcss_oxide::scanner: exit
2025-11-26T15:19:20.082558Z  INFO get_files: tailwindcss_oxide::scanner: exit
2025-11-26T15:19:20.082633Z  INFO get_globs: tailwindcss_oxide::scanner: enter
2025-11-26T15:19:20.082640Z  INFO get_globs:scan_sources: tailwindcss_oxide::scanner: enter
2025-11-26T15:19:20.083801Z  INFO get_globs:scan_sources: tailwindcss_oxide::scanner: Discovering "G:\\GitHub\\image-compressor\\app"
2025-11-26T15:19:20.084377Z  INFO get_globs:scan_sources: tailwindcss_oxide::scanner: Discovering "G:\\GitHub\\image-compressor\\public"
2025-11-26T15:19:20.084739Z  INFO get_globs:scan_sources: tailwindcss_oxide::scanner: exit
2025-11-26T15:19:20.087761Z  INFO get_globs: tailwindcss_oxide::scanner: exit
